#separator \x09
#set_separator	,
#empty_field	(empty)
#unset_field	-
#path	telemetry
#open	2025-09-28-04-37-46
#fields	ts	peer	metric_type	name	labels	label_values	value
#types	time	string	string	string	vector[string]	vector[string]	double
1481764645.912248	zeek	counter	process_cpu_user_seconds_total	(empty)	(empty)	0.24
1481764645.912248	zeek	counter	process_cpu_system_seconds_total	(empty)	(empty)	0.09
1481764645.912248	zeek	gauge	process_resident_memory_bytes	(empty)	(empty)	124649472.0
1481764645.912248	zeek	gauge	process_virtual_memory_bytes	(empty)	(empty)	1002708992.0
1481764645.912248	zeek	gauge	process_open_fds	(empty)	(empty)	27.0
1481764645.912248	zeek	gauge	process_start_time_seconds	(empty)	(empty)	1759009065.341377
1481764645.912248	zeek	counter	zeek_log_stream_writes_total	module,stream	LoadedScripts,LoadedScripts::LOG	537.0
1481764645.912248	zeek	counter	zeek_log_stream_writes_total	module,stream	PacketFilter,PacketFilter::LOG	1.0
1481764645.912248	zeek	counter	zeek_log_writer_writes_total	filter_name,module,path,stream,writer	default,LoadedScripts,loaded_scripts,LoadedScripts::LOG,Log::WRITER_ASCII	537.0
1481764645.912248	zeek	counter	zeek_log_writer_writes_total	filter_name,module,path,stream,writer	default,PacketFilter,packet_filter,PacketFilter::LOG,Log::WRITER_ASCII	1.0
1481764645.912248	zeek	counter	zeek_log_writer_discarded_writes_total	filter_name,module,path,stream,writer	default,LoadedScripts,loaded_scripts,LoadedScripts::LOG,Log::WRITER_ASCII	0.0
1481764645.912248	zeek	counter	zeek_log_writer_discarded_writes_total	filter_name,module,path,stream,writer	default,PacketFilter,packet_filter,PacketFilter::LOG,Log::WRITER_ASCII	0.0
1481764645.912248	zeek	counter	zeek_net_received_bytes_total	(empty)	(empty)	66.0
1481764645.912248	zeek	counter	zeek_net_received_packets_total	(empty)	(empty)	1.0
1481764645.912248	zeek	counter	zeek_msgthread_threads_total	(empty)	(empty)	2.0
1481764645.912248	zeek	counter	zeek_msgthread_in_messages_total	(empty)	(empty)	6.0
1481764645.912248	zeek	counter	zeek_msgthread_out_messages_total	(empty)	(empty)	0.0
1481764645.912248	zeek	counter	zeek_cluster_core_outgoing_events_total	(empty)	(empty)	0.0
1481764645.912248	zeek	counter	zeek_cluster_core_incoming_events_total	(empty)	(empty)	0.0
1481764645.912248	zeek	counter	zeek_broker_incoming_events_total	(empty)	(empty)	0.0
1481764645.912248	zeek	counter	zeek_broker_outgoing_events_total	(empty)	(empty)	0.0
1481764645.912248	zeek	counter	zeek_broker_incoming_logs_total	(empty)	(empty)	0.0
1481764645.912248	zeek	counter	zeek_broker_outgoing_logs_total	(empty)	(empty)	0.0
1481764645.912248	zeek	counter	zeek_broker_incoming_ids_total	(empty)	(empty)	0.0
1481764645.912248	zeek	counter	zeek_broker_outgoing_ids_total	(empty)	(empty)	0.0
1481764645.912248	zeek	counter	zeek_timers_total	(empty)	(empty)	126.0
1481764645.912248	zeek	counter	zeek_dnsmgr_requests_total	(empty)	(empty)	0.0
1481764645.912248	zeek	counter	zeek_dnsmgr_successful_requests_total	(empty)	(empty)	0.0
1481764645.912248	zeek	counter	zeek_dnsmgr_failed_requests_total	(empty)	(empty)	0.0
1481764645.912248	zeek	counter	zeek_triggers_total	(empty)	(empty)	0.0
1481764645.912248	zeek	counter	zeek_ended_sessions_total	reason	inactivity	0.0
1481764645.912248	zeek	counter	zeek_event_handler_invocations_total	name	Broker::log_flush	1.0
1481764645.912248	zeek	counter	zeek_event_handler_invocations_total	name	filter_change_tracking	1.0
1481764645.912248	zeek	counter	zeek_event_handler_invocations_total	name	ChecksumOffloading::check	1.0
1481764645.912248	zeek	counter	zeek_event_handler_invocations_total	name	NetControl::init	1.0
1481764645.912248	zeek	counter	zeek_event_handler_invocations_total	name	zeek_script_loaded	537.0
1481764645.912248	zeek	counter	zeek_event_handler_invocations_total	name	Telemetry::log	1.0
1481764645.912248	zeek	counter	zeek_event_handler_invocations_total	name	grab_vulnerable_versions	1.0
1481764645.912248	zeek	counter	zeek_event_handler_invocations_total	name	zeek_init	1.0
1481764645.912248	zeek	counter	zeek_total_sessions_total	protocol	icmp	0.0
1481764645.912248	zeek	counter	zeek_total_sessions_total	protocol	udp	0.0
1481764645.912248	zeek	counter	zeek_total_sessions_total	protocol	tcp	1.0
1481764645.912248	zeek	gauge	zeek_version_info	beta,commit,debug,major,minor,patch,version_number,version_string	false,0,false,8,0,1,80001,8.0.1	1.0
1481764645.912248	zeek	gauge	zeek_net_timestamp_seconds	(empty)	(empty)	1481764645.912248
1481764645.912248	zeek	gauge	zeek_msgthread_active_threads	(empty)	(empty)	2.0
1481764645.912248	zeek	gauge	zeek_msgthread_pending_in_messages	(empty)	(empty)	4.0
1481764645.912248	zeek	gauge	zeek_msgthread_pending_out_messages	(empty)	(empty)	0.0
1481764645.912248	zeek	gauge	zeek_msgthread_pending_messages_in_buckets	le	10000	2.0
1481764645.912248	zeek	gauge	zeek_msgthread_pending_messages_in_buckets	le	inf	2.0
1481764645.912248	zeek	gauge	zeek_msgthread_pending_messages_in_buckets	le	1000	2.0
1481764645.912248	zeek	gauge	zeek_msgthread_pending_messages_in_buckets	le	100	2.0
1481764645.912248	zeek	gauge	zeek_msgthread_pending_messages_in_buckets	le	10	2.0
1481764645.912248	zeek	gauge	zeek_msgthread_pending_messages_in_buckets	le	1	0.0
1481764645.912248	zeek	gauge	zeek_msgthread_pending_messages_out_buckets	le	10000	2.0
1481764645.912248	zeek	gauge	zeek_msgthread_pending_messages_out_buckets	le	inf	2.0
1481764645.912248	zeek	gauge	zeek_msgthread_pending_messages_out_buckets	le	1000	2.0
1481764645.912248	zeek	gauge	zeek_msgthread_pending_messages_out_buckets	le	100	2.0
1481764645.912248	zeek	gauge	zeek_msgthread_pending_messages_out_buckets	le	10	2.0
1481764645.912248	zeek	gauge	zeek_msgthread_pending_messages_out_buckets	le	1	2.0
1481764645.912248	zeek	gauge	zeek_broker_peers	(empty)	(empty)	0.0
1481764645.912248	zeek	gauge	zeek_broker_stores	(empty)	(empty)	1.0
1481764645.912248	zeek	gauge	zeek_broker_pending_queries	(empty)	(empty)	0.0
1481764645.912248	zeek	gauge	zeek_timers_lag_time_seconds	(empty)	(empty)	1481761045.912248
1481764645.912248	zeek	gauge	zeek_timers_pending	type	LogDelayExpire	0.0
1481764645.912248	zeek	gauge	zeek_timers_pending	type	ThreadHeartbeat	1.0
1481764645.912248	zeek	gauge	zeek_timers_pending	type	TimerMgrExpireTimer	0.0
1481764645.912248	zeek	gauge	zeek_timers_pending	type	ParentProcessIDCheck	0.0
1481764645.912248	zeek	gauge	zeek_timers_pending	type	FragTimer	0.0
1481764645.912248	zeek	gauge	zeek_timers_pending	type	RotateTimer	0.0
1481764645.912248	zeek	gauge	zeek_timers_pending	type	FlowWeirdTimer	0.0
1481764645.912248	zeek	gauge	zeek_timers_pending	type	FileAnalysisInactivityTimer	0.0
1481764645.912248	zeek	gauge	zeek_timers_pending	type	StorageExpire	1.0
1481764645.912248	zeek	gauge	zeek_timers_pending	type	ConnectionInactivityTimer	1.0
1481764645.912248	zeek	gauge	zeek_timers_pending	type	TCPConnectionExpireTimer	1.0
1481764645.912248	zeek	gauge	zeek_timers_pending	type	ConnectionStatusUpdateTimer	0.0
1481764645.912248	zeek	gauge	zeek_timers_pending	type	LogFlushWriteBufferTimer	1.0
1481764645.912248	zeek	gauge	zeek_timers_pending	type	NetWeirdTimer	0.0
1481764645.912248	zeek	gauge	zeek_timers_pending	type	InterconnTimer	0.0
1481764645.912248	zeek	gauge	zeek_timers_pending	type	IPTunnelInactivityTimer	0.0
1481764645.912248	zeek	gauge	zeek_timers_pending	type	DNSExpireTimer	0.0
1481764645.912248	zeek	gauge	zeek_timers_pending	type	UnknownProtocolExpire	0.0
1481764645.912248	zeek	gauge	zeek_timers_pending	type	ProfileTimer	0.0
1481764645.912248	zeek	gauge	zeek_timers_pending	type	ConnectionExpireTimer	0.0
1481764645.912248	zeek	gauge	zeek_timers_pending	type	BreakpointTimer	0.0
1481764645.912248	zeek	gauge	zeek_timers_pending	type	BackdoorTimer	0.0
1481764645.912248	zeek	gauge	zeek_timers_pending	type	NetbiosExpireTimer	0.0
1481764645.912248	zeek	gauge	zeek_timers_pending	type	NetworkTimer	0.0
1481764645.912248	zeek	gauge	zeek_timers_pending	type	RemoveConnection	0.0
1481764645.912248	zeek	gauge	zeek_timers_pending	type	TCPConnectionResetTimer	0.0
1481764645.912248	zeek	gauge	zeek_timers_pending	type	ConnTupleWeirdTimer	0.0
1481764645.912248	zeek	gauge	zeek_timers_pending	type	TCPConnectionDeleteTimer	0.0
1481764645.912248	zeek	gauge	zeek_timers_pending	type	ScheduleTimer	2.0
1481764645.912248	zeek	gauge	zeek_timers_pending	type	NTPExpireTimer	0.0
1481764645.912248	zeek	gauge	zeek_timers_pending	type	RPCExpireTimer	0.0
1481764645.912248	zeek	gauge	zeek_timers_pending	type	ConnectionDeleteTimer	0.0
1481764645.912248	zeek	gauge	zeek_timers_pending	type	TriggerTimer	0.0
1481764645.912248	zeek	gauge	zeek_timers_pending	type	TableValTimer	34.0
1481764645.912248	zeek	gauge	zeek_timers_pending	type	TCPConnectionAttemptTimer	1.0
1481764645.912248	zeek	gauge	zeek_timers_pending	type	TCPConnectionPartialClose	0.0
1481764645.912248	zeek	gauge	zeek_dnsmgr_pending_asyncs_requests	(empty)	(empty)	0.0
1481764645.912248	zeek	gauge	zeek_dnsmgr_cache_entries	type	text	0.0
1481764645.912248	zeek	gauge	zeek_dnsmgr_cache_entries	type	address	0.0
1481764645.912248	zeek	gauge	zeek_dnsmgr_cache_entries	type	host	0.0
1481764645.912248	zeek	gauge	zeek_pending_triggers	(empty)	(empty)	0.0
1481764645.912248	zeek	gauge	zeek_active_sessions	protocol	icmp	0.0
1481764645.912248	zeek	gauge	zeek_active_sessions	protocol	udp	0.0
1481764645.912248	zeek	gauge	zeek_active_sessions	protocol	tcp	1.0
1481764837.536038	zeek	counter	process_cpu_user_seconds_total	(empty)	(empty)	0.25
1481764837.536038	zeek	counter	process_cpu_system_seconds_total	(empty)	(empty)	0.1
1481764837.536038	zeek	gauge	process_resident_memory_bytes	(empty)	(empty)	127291392.0
1481764837.536038	zeek	gauge	process_virtual_memory_bytes	(empty)	(empty)	1338286080.0
1481764837.536038	zeek	gauge	process_open_fds	(empty)	(empty)	48.0
1481764837.536038	zeek	gauge	process_start_time_seconds	(empty)	(empty)	1759009065.341377
1481764837.536038	zeek	counter	zeek_log_stream_writes_total	module,stream	CaptureLoss,CaptureLoss::LOG	1.0
1481764837.536038	zeek	counter	zeek_log_stream_writes_total	module,stream	HTTP,HTTP::LOG	1.0
1481764837.536038	zeek	counter	zeek_log_stream_writes_total	module,stream	Files,Files::LOG	1.0
1481764837.536038	zeek	counter	zeek_log_stream_writes_total	module,stream	Notice,Notice::LOG	1.0
1481764837.536038	zeek	counter	zeek_log_stream_writes_total	module,stream	Software,Software::LOG	1.0
1481764837.536038	zeek	counter	zeek_log_stream_writes_total	module,stream	Known,Known::HOSTS_LOG	1.0
1481764837.536038	zeek	counter	zeek_log_stream_writes_total	module,stream	Stats,Stats::LOG	1.0
1481764837.536038	zeek	counter	zeek_log_stream_writes_total	module,stream	Telemetry,Telemetry::LOG	107.0
1481764837.536038	zeek	counter	zeek_log_stream_writes_total	module,stream	LoadedScripts,LoadedScripts::LOG	537.0
1481764837.536038	zeek	counter	zeek_log_stream_writes_total	module,stream	PacketFilter,PacketFilter::LOG	1.0
1481764837.536038	zeek	counter	zeek_log_writer_writes_total	filter_name,module,path,stream,writer	default,CaptureLoss,capture_loss,CaptureLoss::LOG,Log::WRITER_ASCII	1.0
1481764837.536038	zeek	counter	zeek_log_writer_writes_total	filter_name,module,path,stream,writer	default,Notice,notice,Notice::LOG,Log::WRITER_ASCII	1.0
1481764837.536038	zeek	counter	zeek_log_writer_writes_total	filter_name,module,path,stream,writer	default,Files,files,Files::LOG,Log::WRITER_ASCII	1.0
1481764837.536038	zeek	counter	zeek_log_writer_writes_total	filter_name,module,path,stream,writer	default,Software,software,Software::LOG,Log::WRITER_ASCII	1.0
1481764837.536038	zeek	counter	zeek_log_writer_writes_total	filter_name,module,path,stream,writer	default,Known,known_hosts,Known::HOSTS_LOG,Log::WRITER_ASCII	1.0
1481764837.536038	zeek	counter	zeek_log_writer_writes_total	filter_name,module,path,stream,writer	default,HTTP,http,HTTP::LOG,Log::WRITER_ASCII	1.0
1481764837.536038	zeek	counter	zeek_log_writer_writes_total	filter_name,module,path,stream,writer	default,Stats,stats,Stats::LOG,Log::WRITER_ASCII	1.0
1481764837.536038	zeek	counter	zeek_log_writer_writes_total	filter_name,module,path,stream,writer	default,Telemetry,telemetry,Telemetry::LOG,Log::WRITER_ASCII	107.0
1481764837.536038	zeek	counter	zeek_log_writer_writes_total	filter_name,module,path,stream,writer	default,LoadedScripts,loaded_scripts,LoadedScripts::LOG,Log::WRITER_ASCII	537.0
1481764837.536038	zeek	counter	zeek_log_writer_writes_total	filter_name,module,path,stream,writer	default,PacketFilter,packet_filter,PacketFilter::LOG,Log::WRITER_ASCII	1.0
1481764837.536038	zeek	counter	zeek_log_writer_discarded_writes_total	filter_name,module,path,stream,writer	default,CaptureLoss,capture_loss,CaptureLoss::LOG,Log::WRITER_ASCII	0.0
1481764837.536038	zeek	counter	zeek_log_writer_discarded_writes_total	filter_name,module,path,stream,writer	default,Notice,notice,Notice::LOG,Log::WRITER_ASCII	0.0
1481764837.536038	zeek	counter	zeek_log_writer_discarded_writes_total	filter_name,module,path,stream,writer	default,Files,files,Files::LOG,Log::WRITER_ASCII	0.0
1481764837.536038	zeek	counter	zeek_log_writer_discarded_writes_total	filter_name,module,path,stream,writer	default,Software,software,Software::LOG,Log::WRITER_ASCII	0.0
1481764837.536038	zeek	counter	zeek_log_writer_discarded_writes_total	filter_name,module,path,stream,writer	default,Known,known_hosts,Known::HOSTS_LOG,Log::WRITER_ASCII	0.0
1481764837.536038	zeek	counter	zeek_log_writer_discarded_writes_total	filter_name,module,path,stream,writer	default,HTTP,http,HTTP::LOG,Log::WRITER_ASCII	0.0
1481764837.536038	zeek	counter	zeek_log_writer_discarded_writes_total	filter_name,module,path,stream,writer	default,Stats,stats,Stats::LOG,Log::WRITER_ASCII	0.0
1481764837.536038	zeek	counter	zeek_log_writer_discarded_writes_total	filter_name,module,path,stream,writer	default,Telemetry,telemetry,Telemetry::LOG,Log::WRITER_ASCII	0.0
1481764837.536038	zeek	counter	zeek_log_writer_discarded_writes_total	filter_name,module,path,stream,writer	default,LoadedScripts,loaded_scripts,LoadedScripts::LOG,Log::WRITER_ASCII	0.0
1481764837.536038	zeek	counter	zeek_log_writer_discarded_writes_total	filter_name,module,path,stream,writer	default,PacketFilter,packet_filter,PacketFilter::LOG,Log::WRITER_ASCII	0.0
1481764837.536038	zeek	counter	zeek_net_received_bytes_total	(empty)	(empty)	102669.0
1481764837.536038	zeek	counter	zeek_net_received_packets_total	(empty)	(empty)	114.0
1481764837.536038	zeek	counter	zeek_msgthread_threads_total	(empty)	(empty)	10.0
1481764837.536038	zeek	counter	zeek_msgthread_in_messages_total	(empty)	(empty)	63.0
1481764837.536038	zeek	counter	zeek_msgthread_out_messages_total	(empty)	(empty)	0.0
1481764837.536038	zeek	counter	zeek_cluster_core_outgoing_events_total	(empty)	(empty)	0.0
1481764837.536038	zeek	counter	zeek_cluster_core_incoming_events_total	(empty)	(empty)	0.0
1481764837.536038	zeek	counter	zeek_broker_incoming_events_total	(empty)	(empty)	0.0
1481764837.536038	zeek	counter	zeek_broker_outgoing_events_total	(empty)	(empty)	0.0
1481764837.536038	zeek	counter	zeek_broker_incoming_logs_total	(empty)	(empty)	0.0
1481764837.536038	zeek	counter	zeek_broker_outgoing_logs_total	(empty)	(empty)	0.0
1481764837.536038	zeek	counter	zeek_broker_incoming_ids_total	(empty)	(empty)	0.0
1481764837.536038	zeek	counter	zeek_broker_outgoing_ids_total	(empty)	(empty)	0.0
1481764837.536038	zeek	counter	zeek_timers_total	(empty)	(empty)	232.0
1481764837.536038	zeek	counter	zeek_dnsmgr_requests_total	(empty)	(empty)	0.0
1481764837.536038	zeek	counter	zeek_dnsmgr_successful_requests_total	(empty)	(empty)	0.0
1481764837.536038	zeek	counter	zeek_dnsmgr_failed_requests_total	(empty)	(empty)	0.0
1481764837.536038	zeek	counter	zeek_triggers_total	(empty)	(empty)	0.0
1481764837.536038	zeek	counter	zeek_ended_sessions_total	reason	inactivity	0.0
1481764837.536038	zeek	counter	zeek_event_handler_invocations_total	name	file_state_remove	1.0
1481764837.536038	zeek	counter	zeek_event_handler_invocations_total	name	content_gap	5.0
1481764837.536038	zeek	counter	zeek_event_handler_invocations_total	name	check_stats	1.0
1481764837.536038	zeek	counter	zeek_event_handler_invocations_total	name	http_reply	1.0
1481764837.536038	zeek	counter	zeek_event_handler_invocations_total	name	http_request	1.0
1481764837.536038	zeek	counter	zeek_event_handler_invocations_total	name	Software::new	1.0
1481764837.536038	zeek	counter	zeek_event_handler_invocations_total	name	new_connection	1.0
1481764837.536038	zeek	counter	zeek_event_handler_invocations_total	name	zeek_script_loaded	537.0
1481764837.536038	zeek	counter	zeek_event_handler_invocations_total	name	http_end_entity	2.0
1481764837.536038	zeek	counter	zeek_event_handler_invocations_total	name	Software::register	1.0
1481764837.536038	zeek	counter	zeek_event_handler_invocations_total	name	Broker::log_flush	8.0
1481764837.536038	zeek	counter	zeek_event_handler_invocations_total	name	SumStats::finish_epoch	3.0
1481764837.536038	zeek	counter	zeek_event_handler_invocations_total	name	Software::log_software	1.0
1481764837.536038	zeek	counter	zeek_event_handler_invocations_total	name	filter_change_tracking	2.0
1481764837.536038	zeek	counter	zeek_event_handler_invocations_total	name	grab_vulnerable_versions	2.0
1481764837.536038	zeek	counter	zeek_event_handler_invocations_total	name	NetControl::init	1.0
1481764837.536038	zeek	counter	zeek_event_handler_invocations_total	name	analyzer_confirmation_info	1.0
1481764837.536038	zeek	counter	zeek_event_handler_invocations_total	name	connection_established	1.0
1481764837.536038	zeek	counter	zeek_event_handler_invocations_total	name	Telemetry::log	2.0
1481764837.536038	zeek	counter	zeek_event_handler_invocations_total	name	ChecksumOffloading::check	2.0
1481764837.536038	zeek	counter	zeek_event_handler_invocations_total	name	zeek_init	1.0
1481764837.536038	zeek	counter	zeek_event_handler_invocations_total	name	get_file_handle	2.0
1481764837.536038	zeek	counter	zeek_event_handler_invocations_total	name	Known::host_found	1.0
1481764837.536038	zeek	counter	zeek_event_handler_invocations_total	name	CaptureLoss::take_measurement	2.0
1481764837.536038	zeek	counter	zeek_event_handler_invocations_total	name	http_begin_entity	2.0
1481764837.536038	zeek	counter	zeek_event_handler_invocations_total	name	file_sniff	1.0
1481764837.536038	zeek	counter	zeek_event_handler_invocations_total	name	known_host_add	1.0
1481764837.536038	zeek	counter	zeek_event_handler_invocations_total	name	http_header	15.0
1481764837.536038	zeek	counter	zeek_event_handler_invocations_total	name	http_message_done	2.0
1481764837.536038	zeek	counter	zeek_event_handler_invocations_total	name	file_new	1.0
1481764837.536038	zeek	counter	zeek_event_handler_invocations_total	name	file_over_new_connection	1.0
1481764837.536038	zeek	counter	zeek_total_sessions_total	protocol	icmp	0.0
1481764837.536038	zeek	counter	zeek_total_sessions_total	protocol	udp	0.0
1481764837.536038	zeek	counter	zeek_total_sessions_total	protocol	tcp	2.0
1481764837.536038	zeek	gauge	zeek_version_info	beta,commit,debug,major,minor,patch,version_number,version_string	false,0,false,8,0,1,80001,8.0.1	1.0
1481764837.536038	zeek	gauge	zeek_net_timestamp_seconds	(empty)	(empty)	1481764837.536038
1481764837.536038	zeek	gauge	zeek_msgthread_active_threads	(empty)	(empty)	10.0
1481764837.536038	zeek	gauge	zeek_msgthread_pending_in_messages	(empty)	(empty)	4.0
1481764837.536038	zeek	gauge	zeek_msgthread_pending_out_messages	(empty)	(empty)	0.0
1481764837.536038	zeek	gauge	zeek_msgthread_pending_messages_in_buckets	le	10000	2.0
1481764837.536038	zeek	gauge	zeek_msgthread_pending_messages_in_buckets	le	inf	2.0
1481764837.536038	zeek	gauge	zeek_msgthread_pending_messages_in_buckets	le	1000	2.0
1481764837.536038	zeek	gauge	zeek_msgthread_pending_messages_in_buckets	le	100	2.0
1481764837.536038	zeek	gauge	zeek_msgthread_pending_messages_in_buckets	le	10	2.0
1481764837.536038	zeek	gauge	zeek_msgthread_pending_messages_in_buckets	le	1	0.0
1481764837.536038	zeek	gauge	zeek_msgthread_pending_messages_out_buckets	le	10000	2.0
1481764837.536038	zeek	gauge	zeek_msgthread_pending_messages_out_buckets	le	inf	2.0
1481764837.536038	zeek	gauge	zeek_msgthread_pending_messages_out_buckets	le	1000	2.0
1481764837.536038	zeek	gauge	zeek_msgthread_pending_messages_out_buckets	le	100	2.0
1481764837.536038	zeek	gauge	zeek_msgthread_pending_messages_out_buckets	le	10	2.0
1481764837.536038	zeek	gauge	zeek_msgthread_pending_messages_out_buckets	le	1	2.0
1481764837.536038	zeek	gauge	zeek_broker_peers	(empty)	(empty)	0.0
1481764837.536038	zeek	gauge	zeek_broker_stores	(empty)	(empty)	1.0
1481764837.536038	zeek	gauge	zeek_broker_pending_queries	(empty)	(empty)	0.0
1481764837.536038	zeek	gauge	zeek_timers_lag_time_seconds	(empty)	(empty)	69.042112
1481764837.536038	zeek	gauge	zeek_timers_pending	type	LogDelayExpire	0.0
1481764837.536038	zeek	gauge	zeek_timers_pending	type	ThreadHeartbeat	1.0
1481764837.536038	zeek	gauge	zeek_timers_pending	type	TimerMgrExpireTimer	0.0
1481764837.536038	zeek	gauge	zeek_timers_pending	type	ParentProcessIDCheck	0.0
1481764837.536038	zeek	gauge	zeek_timers_pending	type	FragTimer	0.0
1481764837.536038	zeek	gauge	zeek_timers_pending	type	RotateTimer	0.0
1481764837.536038	zeek	gauge	zeek_timers_pending	type	FlowWeirdTimer	0.0
1481764837.536038	zeek	gauge	zeek_timers_pending	type	FileAnalysisInactivityTimer	0.0
1481764837.536038	zeek	gauge	zeek_timers_pending	type	StorageExpire	1.0
1481764837.536038	zeek	gauge	zeek_timers_pending	type	ConnectionInactivityTimer	2.0
1481764837.536038	zeek	gauge	zeek_timers_pending	type	TCPConnectionExpireTimer	3.0
1481764837.536038	zeek	gauge	zeek_timers_pending	type	ConnectionStatusUpdateTimer	0.0
1481764837.536038	zeek	gauge	zeek_timers_pending	type	LogFlushWriteBufferTimer	1.0
1481764837.536038	zeek	gauge	zeek_timers_pending	type	NetWeirdTimer	0.0
1481764837.536038	zeek	gauge	zeek_timers_pending	type	InterconnTimer	0.0
1481764837.536038	zeek	gauge	zeek_timers_pending	type	IPTunnelInactivityTimer	0.0
1481764837.536038	zeek	gauge	zeek_timers_pending	type	DNSExpireTimer	0.0
1481764837.536038	zeek	gauge	zeek_timers_pending	type	UnknownProtocolExpire	0.0
1481764837.536038	zeek	gauge	zeek_timers_pending	type	ProfileTimer	0.0
1481764837.536038	zeek	gauge	zeek_timers_pending	type	ConnectionExpireTimer	0.0
1481764837.536038	zeek	gauge	zeek_timers_pending	type	BreakpointTimer	0.0
1481764837.536038	zeek	gauge	zeek_timers_pending	type	BackdoorTimer	0.0
1481764837.536038	zeek	gauge	zeek_timers_pending	type	NetbiosExpireTimer	0.0
1481764837.536038	zeek	gauge	zeek_timers_pending	type	NetworkTimer	0.0
1481764837.536038	zeek	gauge	zeek_timers_pending	type	RemoveConnection	0.0
1481764837.536038	zeek	gauge	zeek_timers_pending	type	TCPConnectionResetTimer	0.0
1481764837.536038	zeek	gauge	zeek_timers_pending	type	ConnTupleWeirdTimer	0.0
1481764837.536038	zeek	gauge	zeek_timers_pending	type	TCPConnectionDeleteTimer	0.0
1481764837.536038	zeek	gauge	zeek_timers_pending	type	ScheduleTimer	5.0
1481764837.536038	zeek	gauge	zeek_timers_pending	type	NTPExpireTimer	0.0
1481764837.536038	zeek	gauge	zeek_timers_pending	type	RPCExpireTimer	0.0
1481764837.536038	zeek	gauge	zeek_timers_pending	type	ConnectionDeleteTimer	0.0
1481764837.536038	zeek	gauge	zeek_timers_pending	type	TriggerTimer	0.0
1481764837.536038	zeek	gauge	zeek_timers_pending	type	TableValTimer	34.0
1481764837.536038	zeek	gauge	zeek_timers_pending	type	TCPConnectionAttemptTimer	1.0
1481764837.536038	zeek	gauge	zeek_timers_pending	type	TCPConnectionPartialClose	0.0
1481764837.536038	zeek	gauge	zeek_dnsmgr_pending_asyncs_requests	(empty)	(empty)	0.0
1481764837.536038	zeek	gauge	zeek_dnsmgr_cache_entries	type	text	0.0
1481764837.536038	zeek	gauge	zeek_dnsmgr_cache_entries	type	address	0.0
1481764837.536038	zeek	gauge	zeek_dnsmgr_cache_entries	type	host	0.0
1481764837.536038	zeek	gauge	zeek_pending_triggers	(empty)	(empty)	0.0
1481764837.536038	zeek	gauge	zeek_active_sessions	protocol	icmp	0.0
1481764837.536038	zeek	gauge	zeek_active_sessions	protocol	udp	0.0
1481764837.536038	zeek	gauge	zeek_active_sessions	protocol	tcp	2.0
1481764944.790699	zeek	counter	process_cpu_user_seconds_total	(empty)	(empty)	0.27
1481764944.790699	zeek	counter	process_cpu_system_seconds_total	(empty)	(empty)	0.12
1481764944.790699	zeek	gauge	process_resident_memory_bytes	(empty)	(empty)	127602688.0
1481764944.790699	zeek	gauge	process_virtual_memory_bytes	(empty)	(empty)	1766522880.0
1481764944.790699	zeek	gauge	process_open_fds	(empty)	(empty)	58.0
1481764944.790699	zeek	gauge	process_start_time_seconds	(empty)	(empty)	1759009065.341377
1481764944.790699	zeek	counter	zeek_log_stream_writes_total	module,stream	PE,PE::LOG	1.0
1481764944.790699	zeek	counter	zeek_log_stream_writes_total	module,stream	Conn,Conn::LOG	2.0
1481764944.790699	zeek	counter	zeek_log_stream_writes_total	module,stream	CaptureLoss,CaptureLoss::LOG	1.0
1481764944.790699	zeek	counter	zeek_log_stream_writes_total	module,stream	HTTP,HTTP::LOG	2.0
1481764944.790699	zeek	counter	zeek_log_stream_writes_total	module,stream	Files,Files::LOG	2.0
1481764944.790699	zeek	counter	zeek_log_stream_writes_total	module,stream	Notice,Notice::LOG	1.0
1481764944.790699	zeek	counter	zeek_log_stream_writes_total	module,stream	Software,Software::LOG	2.0
1481764944.790699	zeek	counter	zeek_log_stream_writes_total	module,stream	Known,Known::HOSTS_LOG	1.0
1481764944.790699	zeek	counter	zeek_log_stream_writes_total	module,stream	Stats,Stats::LOG	1.0
1481764944.790699	zeek	counter	zeek_log_stream_writes_total	module,stream	Telemetry,Telemetry::LOG	261.0
1481764944.790699	zeek	counter	zeek_log_stream_writes_total	module,stream	LoadedScripts,LoadedScripts::LOG	537.0
1481764944.790699	zeek	counter	zeek_log_stream_writes_total	module,stream	PacketFilter,PacketFilter::LOG	1.0
1481764944.790699	zeek	counter	zeek_log_writer_writes_total	filter_name,module,path,stream,writer	default,PE,pe,PE::LOG,Log::WRITER_ASCII	1.0
1481764944.790699	zeek	counter	zeek_log_writer_writes_total	filter_name,module,path,stream,writer	default,Conn,conn,Conn::LOG,Log::WRITER_ASCII	2.0
1481764944.790699	zeek	counter	zeek_log_writer_writes_total	filter_name,module,path,stream,writer	default,CaptureLoss,capture_loss,CaptureLoss::LOG,Log::WRITER_ASCII	1.0
1481764944.790699	zeek	counter	zeek_log_writer_writes_total	filter_name,module,path,stream,writer	default,Notice,notice,Notice::LOG,Log::WRITER_ASCII	1.0
1481764944.790699	zeek	counter	zeek_log_writer_writes_total	filter_name,module,path,stream,writer	default,Files,files,Files::LOG,Log::WRITER_ASCII	2.0
1481764944.790699	zeek	counter	zeek_log_writer_writes_total	filter_name,module,path,stream,writer	default,Software,software,Software::LOG,Log::WRITER_ASCII	2.0
1481764944.790699	zeek	counter	zeek_log_writer_writes_total	filter_name,module,path,stream,writer	default,Known,known_hosts,Known::HOSTS_LOG,Log::WRITER_ASCII	1.0
1481764944.790699	zeek	counter	zeek_log_writer_writes_total	filter_name,module,path,stream,writer	default,HTTP,http,HTTP::LOG,Log::WRITER_ASCII	2.0
1481764944.790699	zeek	counter	zeek_log_writer_writes_total	filter_name,module,path,stream,writer	default,Stats,stats,Stats::LOG,Log::WRITER_ASCII	1.0
1481764944.790699	zeek	counter	zeek_log_writer_writes_total	filter_name,module,path,stream,writer	default,Telemetry,telemetry,Telemetry::LOG,Log::WRITER_ASCII	261.0
1481764944.790699	zeek	counter	zeek_log_writer_writes_total	filter_name,module,path,stream,writer	default,LoadedScripts,loaded_scripts,LoadedScripts::LOG,Log::WRITER_ASCII	537.0
1481764944.790699	zeek	counter	zeek_log_writer_writes_total	filter_name,module,path,stream,writer	default,PacketFilter,packet_filter,PacketFilter::LOG,Log::WRITER_ASCII	1.0
1481764944.790699	zeek	counter	zeek_log_writer_discarded_writes_total	filter_name,module,path,stream,writer	default,PE,pe,PE::LOG,Log::WRITER_ASCII	0.0
1481764944.790699	zeek	counter	zeek_log_writer_discarded_writes_total	filter_name,module,path,stream,writer	default,Conn,conn,Conn::LOG,Log::WRITER_ASCII	0.0
1481764944.790699	zeek	counter	zeek_log_writer_discarded_writes_total	filter_name,module,path,stream,writer	default,CaptureLoss,capture_loss,CaptureLoss::LOG,Log::WRITER_ASCII	0.0
1481764944.790699	zeek	counter	zeek_log_writer_discarded_writes_total	filter_name,module,path,stream,writer	default,Notice,notice,Notice::LOG,Log::WRITER_ASCII	0.0
1481764944.790699	zeek	counter	zeek_log_writer_discarded_writes_total	filter_name,module,path,stream,writer	default,Files,files,Files::LOG,Log::WRITER_ASCII	0.0
1481764944.790699	zeek	counter	zeek_log_writer_discarded_writes_total	filter_name,module,path,stream,writer	default,Software,software,Software::LOG,Log::WRITER_ASCII	0.0
1481764944.790699	zeek	counter	zeek_log_writer_discarded_writes_total	filter_name,module,path,stream,writer	default,Known,known_hosts,Known::HOSTS_LOG,Log::WRITER_ASCII	0.0
1481764944.790699	zeek	counter	zeek_log_writer_discarded_writes_total	filter_name,module,path,stream,writer	default,HTTP,http,HTTP::LOG,Log::WRITER_ASCII	0.0
1481764944.790699	zeek	counter	zeek_log_writer_discarded_writes_total	filter_name,module,path,stream,writer	default,Stats,stats,Stats::LOG,Log::WRITER_ASCII	0.0
1481764944.790699	zeek	counter	zeek_log_writer_discarded_writes_total	filter_name,module,path,stream,writer	default,Telemetry,telemetry,Telemetry::LOG,Log::WRITER_ASCII	0.0
1481764944.790699	zeek	counter	zeek_log_writer_discarded_writes_total	filter_name,module,path,stream,writer	default,LoadedScripts,loaded_scripts,LoadedScripts::LOG,Log::WRITER_ASCII	0.0
1481764944.790699	zeek	counter	zeek_log_writer_discarded_writes_total	filter_name,module,path,stream,writer	default,PacketFilter,packet_filter,PacketFilter::LOG,Log::WRITER_ASCII	0.0
1481764944.790699	zeek	counter	zeek_net_received_bytes_total	(empty)	(empty)	417318.0
1481764944.790699	zeek	counter	zeek_net_received_packets_total	(empty)	(empty)	1507.0
1481764944.790699	zeek	counter	zeek_msgthread_threads_total	(empty)	(empty)	12.0
1481764944.790699	zeek	counter	zeek_msgthread_in_messages_total	(empty)	(empty)	200.0
1481764944.790699	zeek	counter	zeek_msgthread_out_messages_total	(empty)	(empty)	0.0
1481764944.790699	zeek	counter	zeek_cluster_core_outgoing_events_total	(empty)	(empty)	0.0
1481764944.790699	zeek	counter	zeek_cluster_core_incoming_events_total	(empty)	(empty)	0.0
1481764944.790699	zeek	counter	zeek_broker_incoming_events_total	(empty)	(empty)	0.0
1481764944.790699	zeek	counter	zeek_broker_outgoing_events_total	(empty)	(empty)	0.0
1481764944.790699	zeek	counter	zeek_broker_incoming_logs_total	(empty)	(empty)	0.0
1481764944.790699	zeek	counter	zeek_broker_outgoing_logs_total	(empty)	(empty)	0.0
1481764944.790699	zeek	counter	zeek_broker_incoming_ids_total	(empty)	(empty)	0.0
1481764944.790699	zeek	counter	zeek_broker_outgoing_ids_total	(empty)	(empty)	0.0
1481764944.790699	zeek	counter	zeek_timers_total	(empty)	(empty)	1575.0
1481764944.790699	zeek	counter	zeek_dnsmgr_requests_total	(empty)	(empty)	0.0
1481764944.790699	zeek	counter	zeek_dnsmgr_successful_requests_total	(empty)	(empty)	0.0
1481764944.790699	zeek	counter	zeek_dnsmgr_failed_requests_total	(empty)	(empty)	0.0
1481764944.790699	zeek	counter	zeek_triggers_total	(empty)	(empty)	0.0
1481764944.790699	zeek	counter	zeek_ended_sessions_total	reason	inactivity	259.0
1481764944.790699	zeek	counter	zeek_event_handler_invocations_total	name	pe_section_header	5.0
1481764944.790699	zeek	counter	zeek_event_handler_invocations_total	name	pe_file_header	1.0
1481764944.790699	zeek	counter	zeek_event_handler_invocations_total	name	pe_dos_header	1.0
1481764944.790699	zeek	counter	zeek_event_handler_invocations_total	name	connection_state_remove	2.0
1481764944.790699	zeek	counter	zeek_event_handler_invocations_total	name	file_state_remove	2.0
1481764944.790699	zeek	counter	zeek_event_handler_invocations_total	name	content_gap	7.0
1481764944.790699	zeek	counter	zeek_event_handler_invocations_total	name	check_stats	1.0
1481764944.790699	zeek	counter	zeek_event_handler_invocations_total	name	http_reply	2.0
1481764944.790699	zeek	counter	zeek_event_handler_invocations_total	name	http_request	2.0
1481764944.790699	zeek	counter	zeek_event_handler_invocations_total	name	Software::new	2.0
1481764944.790699	zeek	counter	zeek_event_handler_invocations_total	name	new_connection	1155.0
1481764944.790699	zeek	counter	zeek_event_handler_invocations_total	name	zeek_script_loaded	537.0
1481764944.790699	zeek	counter	zeek_event_handler_invocations_total	name	http_end_entity	4.0
1481764944.790699	zeek	counter	zeek_event_handler_invocations_total	name	Software::register	2.0
1481764944.790699	zeek	counter	zeek_event_handler_invocations_total	name	Broker::log_flush	19.0
1481764944.790699	zeek	counter	zeek_event_handler_invocations_total	name	SumStats::finish_epoch	3.0
1481764944.790699	zeek	counter	zeek_event_handler_invocations_total	name	Software::log_software	2.0
1481764944.790699	zeek	counter	zeek_event_handler_invocations_total	name	filter_change_tracking	2.0
1481764944.790699	zeek	counter	zeek_event_handler_invocations_total	name	grab_vulnerable_versions	2.0
1481764944.790699	zeek	counter	zeek_event_handler_invocations_total	name	NetControl::init	1.0
1481764944.790699	zeek	counter	zeek_event_handler_invocations_total	name	pe_optional_header	1.0
1481764944.790699	zeek	counter	zeek_event_handler_invocations_total	name	analyzer_confirmation_info	2.0
1481764944.790699	zeek	counter	zeek_event_handler_invocations_total	name	connection_established	2.0
1481764944.790699	zeek	counter	zeek_event_handler_invocations_total	name	Telemetry::log	3.0
1481764944.790699	zeek	counter	zeek_event_handler_invocations_total	name	ChecksumOffloading::check	2.0
1481764944.790699	zeek	counter	zeek_event_handler_invocations_total	name	zeek_init	1.0
1481764944.790699	zeek	counter	zeek_event_handler_invocations_total	name	get_file_handle	7.0
1481764944.790699	zeek	counter	zeek_event_handler_invocations_total	name	Known::host_found	2.0
1481764944.790699	zeek	counter	zeek_event_handler_invocations_total	name	CaptureLoss::take_measurement	2.0
1481764944.790699	zeek	counter	zeek_event_handler_invocations_total	name	http_begin_entity	4.0
1481764944.790699	zeek	counter	zeek_event_handler_invocations_total	name	file_sniff	2.0
1481764944.790699	zeek	counter	zeek_event_handler_invocations_total	name	known_host_add	1.0
1481764944.790699	zeek	counter	zeek_event_handler_invocations_total	name	http_header	28.0
1481764944.790699	zeek	counter	zeek_event_handler_invocations_total	name	http_message_done	4.0
1481764944.790699	zeek	counter	zeek_event_handler_invocations_total	name	file_new	2.0
1481764944.790699	zeek	counter	zeek_event_handler_invocations_total	name	file_over_new_connection	2.0
1481764944.790699	zeek	counter	zeek_total_sessions_total	protocol	icmp	0.0
1481764944.790699	zeek	counter	zeek_total_sessions_total	protocol	udp	1152.0
1481764944.790699	zeek	counter	zeek_total_sessions_total	protocol	tcp	4.0
1481764944.790699	zeek	gauge	zeek_version_info	beta,commit,debug,major,minor,patch,version_number,version_string	false,0,false,8,0,1,80001,8.0.1	1.0
1481764944.790699	zeek	gauge	zeek_net_timestamp_seconds	(empty)	(empty)	1481764944.790699
1481764944.790699	zeek	gauge	zeek_msgthread_active_threads	(empty)	(empty)	12.0
1481764944.790699	zeek	gauge	zeek_msgthread_pending_in_messages	(empty)	(empty)	4.0
1481764944.790699	zeek	gauge	zeek_msgthread_pending_out_messages	(empty)	(empty)	0.0
1481764944.790699	zeek	gauge	zeek_msgthread_pending_messages_in_buckets	le	10000	2.0
1481764944.790699	zeek	gauge	zeek_msgthread_pending_messages_in_buckets	le	inf	2.0
1481764944.790699	zeek	gauge	zeek_msgthread_pending_messages_in_buckets	le	1000	2.0
1481764944.790699	zeek	gauge	zeek_msgthread_pending_messages_in_buckets	le	100	2.0
1481764944.790699	zeek	gauge	zeek_msgthread_pending_messages_in_buckets	le	10	2.0
1481764944.790699	zeek	gauge	zeek_msgthread_pending_messages_in_buckets	le	1	0.0
1481764944.790699	zeek	gauge	zeek_msgthread_pending_messages_out_buckets	le	10000	2.0
1481764944.790699	zeek	gauge	zeek_msgthread_pending_messages_out_buckets	le	inf	2.0
1481764944.790699	zeek	gauge	zeek_msgthread_pending_messages_out_buckets	le	1000	2.0
1481764944.790699	zeek	gauge	zeek_msgthread_pending_messages_out_buckets	le	100	2.0
1481764944.790699	zeek	gauge	zeek_msgthread_pending_messages_out_buckets	le	10	2.0
1481764944.790699	zeek	gauge	zeek_msgthread_pending_messages_out_buckets	le	1	2.0
1481764944.790699	zeek	gauge	zeek_broker_peers	(empty)	(empty)	0.0
1481764944.790699	zeek	gauge	zeek_broker_stores	(empty)	(empty)	1.0
1481764944.790699	zeek	gauge	zeek_broker_pending_queries	(empty)	(empty)	0.0
1481764944.790699	zeek	gauge	zeek_timers_lag_time_seconds	(empty)	(empty)	0.578332
1481764944.790699	zeek	gauge	zeek_timers_pending	type	LogDelayExpire	0.0
1481764944.790699	zeek	gauge	zeek_timers_pending	type	ThreadHeartbeat	1.0
1481764944.790699	zeek	gauge	zeek_timers_pending	type	TimerMgrExpireTimer	0.0
1481764944.790699	zeek	gauge	zeek_timers_pending	type	ParentProcessIDCheck	0.0
1481764944.790699	zeek	gauge	zeek_timers_pending	type	FragTimer	0.0
1481764944.790699	zeek	gauge	zeek_timers_pending	type	RotateTimer	0.0
1481764944.790699	zeek	gauge	zeek_timers_pending	type	FlowWeirdTimer	0.0
1481764944.790699	zeek	gauge	zeek_timers_pending	type	FileAnalysisInactivityTimer	1.0
1481764944.790699	zeek	gauge	zeek_timers_pending	type	StorageExpire	1.0
1481764944.790699	zeek	gauge	zeek_timers_pending	type	ConnectionInactivityTimer	895.0
1481764944.790699	zeek	gauge	zeek_timers_pending	type	TCPConnectionExpireTimer	3.0
1481764944.790699	zeek	gauge	zeek_timers_pending	type	ConnectionStatusUpdateTimer	0.0
1481764944.790699	zeek	gauge	zeek_timers_pending	type	LogFlushWriteBufferTimer	1.0
1481764944.790699	zeek	gauge	zeek_timers_pending	type	NetWeirdTimer	0.0
1481764944.790699	zeek	gauge	zeek_timers_pending	type	InterconnTimer	0.0
1481764944.790699	zeek	gauge	zeek_timers_pending	type	IPTunnelInactivityTimer	0.0
1481764944.790699	zeek	gauge	zeek_timers_pending	type	DNSExpireTimer	0.0
1481764944.790699	zeek	gauge	zeek_timers_pending	type	UnknownProtocolExpire	0.0
1481764944.790699	zeek	gauge	zeek_timers_pending	type	ProfileTimer	0.0
1481764944.790699	zeek	gauge	zeek_timers_pending	type	ConnectionExpireTimer	0.0
1481764944.790699	zeek	gauge	zeek_timers_pending	type	BreakpointTimer	0.0
1481764944.790699	zeek	gauge	zeek_timers_pending	type	BackdoorTimer	0.0
1481764944.790699	zeek	gauge	zeek_timers_pending	type	NetbiosExpireTimer	0.0
1481764944.790699	zeek	gauge	zeek_timers_pending	type	NetworkTimer	0.0
1481764944.790699	zeek	gauge	zeek_timers_pending	type	RemoveConnection	0.0
1481764944.790699	zeek	gauge	zeek_timers_pending	type	TCPConnectionResetTimer	0.0
1481764944.790699	zeek	gauge	zeek_timers_pending	type	ConnTupleWeirdTimer	0.0
1481764944.790699	zeek	gauge	zeek_timers_pending	type	TCPConnectionDeleteTimer	0.0
1481764944.790699	zeek	gauge	zeek_timers_pending	type	ScheduleTimer	5.0
1481764944.790699	zeek	gauge	zeek_timers_pending	type	NTPExpireTimer	0.0
1481764944.790699	zeek	gauge	zeek_timers_pending	type	RPCExpireTimer	0.0
1481764944.790699	zeek	gauge	zeek_timers_pending	type	ConnectionDeleteTimer	0.0
1481764944.790699	zeek	gauge	zeek_timers_pending	type	TriggerTimer	0.0
1481764944.790699	zeek	gauge	zeek_timers_pending	type	TableValTimer	34.0
1481764944.790699	zeek	gauge	zeek_timers_pending	type	TCPConnectionAttemptTimer	1.0
1481764944.790699	zeek	gauge	zeek_timers_pending	type	TCPConnectionPartialClose	0.0
1481764944.790699	zeek	gauge	zeek_dnsmgr_pending_asyncs_requests	(empty)	(empty)	0.0
1481764944.790699	zeek	gauge	zeek_dnsmgr_cache_entries	type	text	0.0
1481764944.790699	zeek	gauge	zeek_dnsmgr_cache_entries	type	address	0.0
1481764944.790699	zeek	gauge	zeek_dnsmgr_cache_entries	type	host	0.0
1481764944.790699	zeek	gauge	zeek_pending_triggers	(empty)	(empty)	0.0
1481764944.790699	zeek	gauge	zeek_active_sessions	protocol	icmp	0.0
1481764944.790699	zeek	gauge	zeek_active_sessions	protocol	udp	893.0
1481764944.790699	zeek	gauge	zeek_active_sessions	protocol	tcp	2.0
1481765063.476527	zeek	counter	process_cpu_user_seconds_total	(empty)	(empty)	0.29
1481765063.476527	zeek	counter	process_cpu_system_seconds_total	(empty)	(empty)	0.12
1481765063.476527	zeek	gauge	process_resident_memory_bytes	(empty)	(empty)	127873024.0
1481765063.476527	zeek	gauge	process_virtual_memory_bytes	(empty)	(empty)	1766801408.0
1481765063.476527	zeek	gauge	process_open_fds	(empty)	(empty)	58.0
1481765063.476527	zeek	gauge	process_start_time_seconds	(empty)	(empty)	1759009065.341377
1481765063.476527	zeek	counter	zeek_log_stream_writes_total	module,stream	PE,PE::LOG	1.0
1481765063.476527	zeek	counter	zeek_log_stream_writes_total	module,stream	Conn,Conn::LOG	1155.0
1481765063.476527	zeek	counter	zeek_log_stream_writes_total	module,stream	CaptureLoss,CaptureLoss::LOG	1.0
1481765063.476527	zeek	counter	zeek_log_stream_writes_total	module,stream	HTTP,HTTP::LOG	3.0
1481765063.476527	zeek	counter	zeek_log_stream_writes_total	module,stream	Files,Files::LOG	2.0
1481765063.476527	zeek	counter	zeek_log_stream_writes_total	module,stream	Notice,Notice::LOG	1.0
1481765063.476527	zeek	counter	zeek_log_stream_writes_total	module,stream	Software,Software::LOG	2.0
1481765063.476527	zeek	counter	zeek_log_stream_writes_total	module,stream	Known,Known::HOSTS_LOG	1.0
1481765063.476527	zeek	counter	zeek_log_stream_writes_total	module,stream	Stats,Stats::LOG	2.0
1481765063.476527	zeek	counter	zeek_log_stream_writes_total	module,stream	Telemetry,Telemetry::LOG	426.0
1481765063.476527	zeek	counter	zeek_log_stream_writes_total	module,stream	LoadedScripts,LoadedScripts::LOG	537.0
1481765063.476527	zeek	counter	zeek_log_stream_writes_total	module,stream	PacketFilter,PacketFilter::LOG	1.0
1481765063.476527	zeek	counter	zeek_log_writer_writes_total	filter_name,module,path,stream,writer	default,PE,pe,PE::LOG,Log::WRITER_ASCII	1.0
1481765063.476527	zeek	counter	zeek_log_writer_writes_total	filter_name,module,path,stream,writer	default,Conn,conn,Conn::LOG,Log::WRITER_ASCII	1155.0
1481765063.476527	zeek	counter	zeek_log_writer_writes_total	filter_name,module,path,stream,writer	default,CaptureLoss,capture_loss,CaptureLoss::LOG,Log::WRITER_ASCII	1.0
1481765063.476527	zeek	counter	zeek_log_writer_writes_total	filter_name,module,path,stream,writer	default,Notice,notice,Notice::LOG,Log::WRITER_ASCII	1.0
1481765063.476527	zeek	counter	zeek_log_writer_writes_total	filter_name,module,path,stream,writer	default,Files,files,Files::LOG,Log::WRITER_ASCII	2.0
1481765063.476527	zeek	counter	zeek_log_writer_writes_total	filter_name,module,path,stream,writer	default,Software,software,Software::LOG,Log::WRITER_ASCII	2.0
1481765063.476527	zeek	counter	zeek_log_writer_writes_total	filter_name,module,path,stream,writer	default,Known,known_hosts,Known::HOSTS_LOG,Log::WRITER_ASCII	1.0
1481765063.476527	zeek	counter	zeek_log_writer_writes_total	filter_name,module,path,stream,writer	default,HTTP,http,HTTP::LOG,Log::WRITER_ASCII	3.0
1481765063.476527	zeek	counter	zeek_log_writer_writes_total	filter_name,module,path,stream,writer	default,Stats,stats,Stats::LOG,Log::WRITER_ASCII	2.0
1481765063.476527	zeek	counter	zeek_log_writer_writes_total	filter_name,module,path,stream,writer	default,Telemetry,telemetry,Telemetry::LOG,Log::WRITER_ASCII	426.0
1481765063.476527	zeek	counter	zeek_log_writer_writes_total	filter_name,module,path,stream,writer	default,LoadedScripts,loaded_scripts,LoadedScripts::LOG,Log::WRITER_ASCII	537.0
1481765063.476527	zeek	counter	zeek_log_writer_writes_total	filter_name,module,path,stream,writer	default,PacketFilter,packet_filter,PacketFilter::LOG,Log::WRITER_ASCII	1.0
1481765063.476527	zeek	counter	zeek_log_writer_discarded_writes_total	filter_name,module,path,stream,writer	default,PE,pe,PE::LOG,Log::WRITER_ASCII	0.0
1481765063.476527	zeek	counter	zeek_log_writer_discarded_writes_total	filter_name,module,path,stream,writer	default,Conn,conn,Conn::LOG,Log::WRITER_ASCII	0.0
1481765063.476527	zeek	counter	zeek_log_writer_discarded_writes_total	filter_name,module,path,stream,writer	default,CaptureLoss,capture_loss,CaptureLoss::LOG,Log::WRITER_ASCII	0.0
1481765063.476527	zeek	counter	zeek_log_writer_discarded_writes_total	filter_name,module,path,stream,writer	default,Notice,notice,Notice::LOG,Log::WRITER_ASCII	0.0
1481765063.476527	zeek	counter	zeek_log_writer_discarded_writes_total	filter_name,module,path,stream,writer	default,Files,files,Files::LOG,Log::WRITER_ASCII	0.0
1481765063.476527	zeek	counter	zeek_log_writer_discarded_writes_total	filter_name,module,path,stream,writer	default,Software,software,Software::LOG,Log::WRITER_ASCII	0.0
1481765063.476527	zeek	counter	zeek_log_writer_discarded_writes_total	filter_name,module,path,stream,writer	default,Known,known_hosts,Known::HOSTS_LOG,Log::WRITER_ASCII	0.0
1481765063.476527	zeek	counter	zeek_log_writer_discarded_writes_total	filter_name,module,path,stream,writer	default,HTTP,http,HTTP::LOG,Log::WRITER_ASCII	0.0
1481765063.476527	zeek	counter	zeek_log_writer_discarded_writes_total	filter_name,module,path,stream,writer	default,Stats,stats,Stats::LOG,Log::WRITER_ASCII	0.0
1481765063.476527	zeek	counter	zeek_log_writer_discarded_writes_total	filter_name,module,path,stream,writer	default,Telemetry,telemetry,Telemetry::LOG,Log::WRITER_ASCII	0.0
1481765063.476527	zeek	counter	zeek_log_writer_discarded_writes_total	filter_name,module,path,stream,writer	default,LoadedScripts,loaded_scripts,LoadedScripts::LOG,Log::WRITER_ASCII	0.0
1481765063.476527	zeek	counter	zeek_log_writer_discarded_writes_total	filter_name,module,path,stream,writer	default,PacketFilter,packet_filter,PacketFilter::LOG,Log::WRITER_ASCII	0.0
1481765063.476527	zeek	counter	zeek_net_received_bytes_total	(empty)	(empty)	418445.0
1481765063.476527	zeek	counter	zeek_net_received_packets_total	(empty)	(empty)	1516.0
1481765063.476527	zeek	counter	zeek_msgthread_threads_total	(empty)	(empty)	12.0
1481765063.476527	zeek	counter	zeek_msgthread_in_messages_total	(empty)	(empty)	229.0
1481765063.476527	zeek	counter	zeek_msgthread_out_messages_total	(empty)	(empty)	0.0
1481765063.476527	zeek	counter	zeek_cluster_core_outgoing_events_total	(empty)	(empty)	0.0
1481765063.476527	zeek	counter	zeek_cluster_core_incoming_events_total	(empty)	(empty)	0.0
1481765063.476527	zeek	counter	zeek_broker_incoming_events_total	(empty)	(empty)	0.0
1481765063.476527	zeek	counter	zeek_broker_outgoing_events_total	(empty)	(empty)	0.0
1481765063.476527	zeek	counter	zeek_broker_incoming_logs_total	(empty)	(empty)	0.0
1481765063.476527	zeek	counter	zeek_broker_outgoing_logs_total	(empty)	(empty)	0.0
1481765063.476527	zeek	counter	zeek_broker_incoming_ids_total	(empty)	(empty)	0.0
1481765063.476527	zeek	counter	zeek_broker_outgoing_ids_total	(empty)	(empty)	0.0
1481765063.476527	zeek	counter	zeek_timers_total	(empty)	(empty)	1659.0
1481765063.476527	zeek	counter	zeek_dnsmgr_requests_total	(empty)	(empty)	0.0
1481765063.476527	zeek	counter	zeek_dnsmgr_successful_requests_total	(empty)	(empty)	0.0
1481765063.476527	zeek	counter	zeek_dnsmgr_failed_requests_total	(empty)	(empty)	0.0
1481765063.476527	zeek	counter	zeek_triggers_total	(empty)	(empty)	0.0
1481765063.476527	zeek	counter	zeek_ended_sessions_total	reason	inactivity	1153.0
1481765063.476527	zeek	counter	zeek_event_handler_invocations_total	name	pe_section_header	5.0
1481765063.476527	zeek	counter	zeek_event_handler_invocations_total	name	pe_file_header	1.0
1481765063.476527	zeek	counter	zeek_event_handler_invocations_total	name	pe_dos_header	1.0
1481765063.476527	zeek	counter	zeek_event_handler_invocations_total	name	connection_state_remove	1155.0
1481765063.476527	zeek	counter	zeek_event_handler_invocations_total	name	file_state_remove	2.0
1481765063.476527	zeek	counter	zeek_event_handler_invocations_total	name	content_gap	7.0
1481765063.476527	zeek	counter	zeek_event_handler_invocations_total	name	check_stats	2.0
1481765063.476527	zeek	counter	zeek_event_handler_invocations_total	name	http_reply	3.0
1481765063.476527	zeek	counter	zeek_event_handler_invocations_total	name	http_request	3.0
1481765063.476527	zeek	counter	zeek_event_handler_invocations_total	name	Software::new	3.0
1481765063.476527	zeek	counter	zeek_event_handler_invocations_total	name	new_connection	1156.0
1481765063.476527	zeek	counter	zeek_event_handler_invocations_total	name	zeek_script_loaded	537.0
1481765063.476527	zeek	counter	zeek_event_handler_invocations_total	name	http_end_entity	6.0
1481765063.476527	zeek	counter	zeek_event_handler_invocations_total	name	Software::register	3.0
1481765063.476527	zeek	counter	zeek_event_handler_invocations_total	name	Broker::log_flush	20.0
1481765063.476527	zeek	counter	zeek_event_handler_invocations_total	name	SumStats::finish_epoch	3.0
1481765063.476527	zeek	counter	zeek_event_handler_invocations_total	name	Software::log_software	2.0
1481765063.476527	zeek	counter	zeek_event_handler_invocations_total	name	filter_change_tracking	3.0
1481765063.476527	zeek	counter	zeek_event_handler_invocations_total	name	grab_vulnerable_versions	2.0
1481765063.476527	zeek	counter	zeek_event_handler_invocations_total	name	NetControl::init	1.0
1481765063.476527	zeek	counter	zeek_event_handler_invocations_total	name	pe_optional_header	1.0
1481765063.476527	zeek	counter	zeek_event_handler_invocations_total	name	analyzer_confirmation_info	3.0
1481765063.476527	zeek	counter	zeek_event_handler_invocations_total	name	connection_established	3.0
1481765063.476527	zeek	counter	zeek_event_handler_invocations_total	name	Telemetry::log	4.0
1481765063.476527	zeek	counter	zeek_event_handler_invocations_total	name	ChecksumOffloading::check	2.0
1481765063.476527	zeek	counter	zeek_event_handler_invocations_total	name	zeek_init	1.0
1481765063.476527	zeek	counter	zeek_event_handler_invocations_total	name	get_file_handle	10.0
1481765063.476527	zeek	counter	zeek_event_handler_invocations_total	name	Known::host_found	3.0
1481765063.476527	zeek	counter	zeek_event_handler_invocations_total	name	CaptureLoss::take_measurement	2.0
1481765063.476527	zeek	counter	zeek_event_handler_invocations_total	name	http_begin_entity	6.0
1481765063.476527	zeek	counter	zeek_event_handler_invocations_total	name	file_sniff	2.0
1481765063.476527	zeek	counter	zeek_event_handler_invocations_total	name	known_host_add	1.0
1481765063.476527	zeek	counter	zeek_event_handler_invocations_total	name	http_header	40.0
1481765063.476527	zeek	counter	zeek_event_handler_invocations_total	name	http_message_done	6.0
1481765063.476527	zeek	counter	zeek_event_handler_invocations_total	name	file_new	2.0
1481765063.476527	zeek	counter	zeek_event_handler_invocations_total	name	file_over_new_connection	2.0
1481765063.476527	zeek	counter	zeek_total_sessions_total	protocol	icmp	0.0
1481765063.476527	zeek	counter	zeek_total_sessions_total	protocol	udp	1152.0
1481765063.476527	zeek	counter	zeek_total_sessions_total	protocol	tcp	4.0
1481765063.476527	zeek	gauge	zeek_version_info	beta,commit,debug,major,minor,patch,version_number,version_string	false,0,false,8,0,1,80001,8.0.1	1.0
1481765063.476527	zeek	gauge	zeek_net_timestamp_seconds	(empty)	(empty)	1481765063.476527
1481765063.476527	zeek	gauge	zeek_msgthread_active_threads	(empty)	(empty)	12.0
1481765063.476527	zeek	gauge	zeek_msgthread_pending_in_messages	(empty)	(empty)	4.0
1481765063.476527	zeek	gauge	zeek_msgthread_pending_out_messages	(empty)	(empty)	0.0
1481765063.476527	zeek	gauge	zeek_msgthread_pending_messages_in_buckets	le	10000	2.0
1481765063.476527	zeek	gauge	zeek_msgthread_pending_messages_in_buckets	le	inf	2.0
1481765063.476527	zeek	gauge	zeek_msgthread_pending_messages_in_buckets	le	1000	2.0
1481765063.476527	zeek	gauge	zeek_msgthread_pending_messages_in_buckets	le	100	2.0
1481765063.476527	zeek	gauge	zeek_msgthread_pending_messages_in_buckets	le	10	2.0
1481765063.476527	zeek	gauge	zeek_msgthread_pending_messages_in_buckets	le	1	0.0
1481765063.476527	zeek	gauge	zeek_msgthread_pending_messages_out_buckets	le	10000	2.0
1481765063.476527	zeek	gauge	zeek_msgthread_pending_messages_out_buckets	le	inf	2.0
1481765063.476527	zeek	gauge	zeek_msgthread_pending_messages_out_buckets	le	1000	2.0
1481765063.476527	zeek	gauge	zeek_msgthread_pending_messages_out_buckets	le	100	2.0
1481765063.476527	zeek	gauge	zeek_msgthread_pending_messages_out_buckets	le	10	2.0
1481765063.476527	zeek	gauge	zeek_msgthread_pending_messages_out_buckets	le	1	2.0
1481765063.476527	zeek	gauge	zeek_broker_peers	(empty)	(empty)	0.0
1481765063.476527	zeek	gauge	zeek_broker_stores	(empty)	(empty)	1.0
1481765063.476527	zeek	gauge	zeek_broker_pending_queries	(empty)	(empty)	0.0
1481765063.476527	zeek	gauge	zeek_timers_lag_time_seconds	(empty)	(empty)	37.997249
1481765063.476527	zeek	gauge	zeek_timers_pending	type	LogDelayExpire	0.0
1481765063.476527	zeek	gauge	zeek_timers_pending	type	ThreadHeartbeat	1.0
1481765063.476527	zeek	gauge	zeek_timers_pending	type	TimerMgrExpireTimer	0.0
1481765063.476527	zeek	gauge	zeek_timers_pending	type	ParentProcessIDCheck	0.0
1481765063.476527	zeek	gauge	zeek_timers_pending	type	FragTimer	0.0
1481765063.476527	zeek	gauge	zeek_timers_pending	type	RotateTimer	0.0
1481765063.476527	zeek	gauge	zeek_timers_pending	type	FlowWeirdTimer	0.0
1481765063.476527	zeek	gauge	zeek_timers_pending	type	FileAnalysisInactivityTimer	0.0
1481765063.476527	zeek	gauge	zeek_timers_pending	type	StorageExpire	1.0
1481765063.476527	zeek	gauge	zeek_timers_pending	type	ConnectionInactivityTimer	1.0
1481765063.476527	zeek	gauge	zeek_timers_pending	type	TCPConnectionExpireTimer	0.0
1481765063.476527	zeek	gauge	zeek_timers_pending	type	ConnectionStatusUpdateTimer	0.0
1481765063.476527	zeek	gauge	zeek_timers_pending	type	LogFlushWriteBufferTimer	1.0
1481765063.476527	zeek	gauge	zeek_timers_pending	type	NetWeirdTimer	0.0
1481765063.476527	zeek	gauge	zeek_timers_pending	type	InterconnTimer	0.0
1481765063.476527	zeek	gauge	zeek_timers_pending	type	IPTunnelInactivityTimer	0.0
1481765063.476527	zeek	gauge	zeek_timers_pending	type	DNSExpireTimer	0.0
1481765063.476527	zeek	gauge	zeek_timers_pending	type	UnknownProtocolExpire	0.0
1481765063.476527	zeek	gauge	zeek_timers_pending	type	ProfileTimer	0.0
1481765063.476527	zeek	gauge	zeek_timers_pending	type	ConnectionExpireTimer	0.0
1481765063.476527	zeek	gauge	zeek_timers_pending	type	BreakpointTimer	0.0
1481765063.476527	zeek	gauge	zeek_timers_pending	type	BackdoorTimer	0.0
1481765063.476527	zeek	gauge	zeek_timers_pending	type	NetbiosExpireTimer	0.0
1481765063.476527	zeek	gauge	zeek_timers_pending	type	NetworkTimer	0.0
1481765063.476527	zeek	gauge	zeek_timers_pending	type	RemoveConnection	0.0
1481765063.476527	zeek	gauge	zeek_timers_pending	type	TCPConnectionResetTimer	0.0
1481765063.476527	zeek	gauge	zeek_timers_pending	type	ConnTupleWeirdTimer	0.0
1481765063.476527	zeek	gauge	zeek_timers_pending	type	TCPConnectionDeleteTimer	0.0
1481765063.476527	zeek	gauge	zeek_timers_pending	type	ScheduleTimer	4.0
1481765063.476527	zeek	gauge	zeek_timers_pending	type	NTPExpireTimer	0.0
1481765063.476527	zeek	gauge	zeek_timers_pending	type	RPCExpireTimer	0.0
1481765063.476527	zeek	gauge	zeek_timers_pending	type	ConnectionDeleteTimer	1.0
1481765063.476527	zeek	gauge	zeek_timers_pending	type	TriggerTimer	0.0
1481765063.476527	zeek	gauge	zeek_timers_pending	type	TableValTimer	34.0
1481765063.476527	zeek	gauge	zeek_timers_pending	type	TCPConnectionAttemptTimer	0.0
1481765063.476527	zeek	gauge	zeek_timers_pending	type	TCPConnectionPartialClose	0.0
1481765063.476527	zeek	gauge	zeek_dnsmgr_pending_asyncs_requests	(empty)	(empty)	0.0
1481765063.476527	zeek	gauge	zeek_dnsmgr_cache_entries	type	text	0.0
1481765063.476527	zeek	gauge	zeek_dnsmgr_cache_entries	type	address	0.0
1481765063.476527	zeek	gauge	zeek_dnsmgr_cache_entries	type	host	0.0
1481765063.476527	zeek	gauge	zeek_pending_triggers	(empty)	(empty)	0.0
1481765063.476527	zeek	gauge	zeek_active_sessions	protocol	icmp	0.0
1481765063.476527	zeek	gauge	zeek_active_sessions	protocol	udp	0.0
1481765063.476527	zeek	gauge	zeek_active_sessions	protocol	tcp	1.0
1481765063.476539	zeek	counter	process_cpu_user_seconds_total	(empty)	(empty)	0.29
1481765063.476539	zeek	counter	process_cpu_system_seconds_total	(empty)	(empty)	0.12
1481765063.476539	zeek	gauge	process_resident_memory_bytes	(empty)	(empty)	127873024.0
1481765063.476539	zeek	gauge	process_virtual_memory_bytes	(empty)	(empty)	1766801408.0
1481765063.476539	zeek	gauge	process_open_fds	(empty)	(empty)	58.0
1481765063.476539	zeek	gauge	process_start_time_seconds	(empty)	(empty)	1759009065.341377
1481765063.476539	zeek	counter	zeek_log_stream_writes_total	module,stream	PE,PE::LOG	1.0
1481765063.476539	zeek	counter	zeek_log_stream_writes_total	module,stream	Conn,Conn::LOG	1156.0
1481765063.476539	zeek	counter	zeek_log_stream_writes_total	module,stream	CaptureLoss,CaptureLoss::LOG	2.0
1481765063.476539	zeek	counter	zeek_log_stream_writes_total	module,stream	HTTP,HTTP::LOG	3.0
1481765063.476539	zeek	counter	zeek_log_stream_writes_total	module,stream	Files,Files::LOG	2.0
1481765063.476539	zeek	counter	zeek_log_stream_writes_total	module,stream	Notice,Notice::LOG	1.0
1481765063.476539	zeek	counter	zeek_log_stream_writes_total	module,stream	Software,Software::LOG	2.0
1481765063.476539	zeek	counter	zeek_log_stream_writes_total	module,stream	Known,Known::HOSTS_LOG	1.0
1481765063.476539	zeek	counter	zeek_log_stream_writes_total	module,stream	Stats,Stats::LOG	3.0
1481765063.476539	zeek	counter	zeek_log_stream_writes_total	module,stream	Telemetry,Telemetry::LOG	591.0
1481765063.476539	zeek	counter	zeek_log_stream_writes_total	module,stream	LoadedScripts,LoadedScripts::LOG	537.0
1481765063.476539	zeek	counter	zeek_log_stream_writes_total	module,stream	PacketFilter,PacketFilter::LOG	1.0
1481765063.476539	zeek	counter	zeek_log_writer_writes_total	filter_name,module,path,stream,writer	default,PE,pe,PE::LOG,Log::WRITER_ASCII	1.0
1481765063.476539	zeek	counter	zeek_log_writer_writes_total	filter_name,module,path,stream,writer	default,Conn,conn,Conn::LOG,Log::WRITER_ASCII	1156.0
1481765063.476539	zeek	counter	zeek_log_writer_writes_total	filter_name,module,path,stream,writer	default,CaptureLoss,capture_loss,CaptureLoss::LOG,Log::WRITER_ASCII	2.0
1481765063.476539	zeek	counter	zeek_log_writer_writes_total	filter_name,module,path,stream,writer	default,Notice,notice,Notice::LOG,Log::WRITER_ASCII	1.0
1481765063.476539	zeek	counter	zeek_log_writer_writes_total	filter_name,module,path,stream,writer	default,Files,files,Files::LOG,Log::WRITER_ASCII	2.0
1481765063.476539	zeek	counter	zeek_log_writer_writes_total	filter_name,module,path,stream,writer	default,Software,software,Software::LOG,Log::WRITER_ASCII	2.0
1481765063.476539	zeek	counter	zeek_log_writer_writes_total	filter_name,module,path,stream,writer	default,Known,known_hosts,Known::HOSTS_LOG,Log::WRITER_ASCII	1.0
1481765063.476539	zeek	counter	zeek_log_writer_writes_total	filter_name,module,path,stream,writer	default,HTTP,http,HTTP::LOG,Log::WRITER_ASCII	3.0
1481765063.476539	zeek	counter	zeek_log_writer_writes_total	filter_name,module,path,stream,writer	default,Stats,stats,Stats::LOG,Log::WRITER_ASCII	3.0
1481765063.476539	zeek	counter	zeek_log_writer_writes_total	filter_name,module,path,stream,writer	default,Telemetry,telemetry,Telemetry::LOG,Log::WRITER_ASCII	591.0
1481765063.476539	zeek	counter	zeek_log_writer_writes_total	filter_name,module,path,stream,writer	default,LoadedScripts,loaded_scripts,LoadedScripts::LOG,Log::WRITER_ASCII	537.0
1481765063.476539	zeek	counter	zeek_log_writer_writes_total	filter_name,module,path,stream,writer	default,PacketFilter,packet_filter,PacketFilter::LOG,Log::WRITER_ASCII	1.0
1481765063.476539	zeek	counter	zeek_log_writer_discarded_writes_total	filter_name,module,path,stream,writer	default,PE,pe,PE::LOG,Log::WRITER_ASCII	0.0
1481765063.476539	zeek	counter	zeek_log_writer_discarded_writes_total	filter_name,module,path,stream,writer	default,Conn,conn,Conn::LOG,Log::WRITER_ASCII	0.0
1481765063.476539	zeek	counter	zeek_log_writer_discarded_writes_total	filter_name,module,path,stream,writer	default,CaptureLoss,capture_loss,CaptureLoss::LOG,Log::WRITER_ASCII	0.0
1481765063.476539	zeek	counter	zeek_log_writer_discarded_writes_total	filter_name,module,path,stream,writer	default,Notice,notice,Notice::LOG,Log::WRITER_ASCII	0.0
1481765063.476539	zeek	counter	zeek_log_writer_discarded_writes_total	filter_name,module,path,stream,writer	default,Files,files,Files::LOG,Log::WRITER_ASCII	0.0
1481765063.476539	zeek	counter	zeek_log_writer_discarded_writes_total	filter_name,module,path,stream,writer	default,Software,software,Software::LOG,Log::WRITER_ASCII	0.0
1481765063.476539	zeek	counter	zeek_log_writer_discarded_writes_total	filter_name,module,path,stream,writer	default,Known,known_hosts,Known::HOSTS_LOG,Log::WRITER_ASCII	0.0
1481765063.476539	zeek	counter	zeek_log_writer_discarded_writes_total	filter_name,module,path,stream,writer	default,HTTP,http,HTTP::LOG,Log::WRITER_ASCII	0.0
1481765063.476539	zeek	counter	zeek_log_writer_discarded_writes_total	filter_name,module,path,stream,writer	default,Stats,stats,Stats::LOG,Log::WRITER_ASCII	0.0
1481765063.476539	zeek	counter	zeek_log_writer_discarded_writes_total	filter_name,module,path,stream,writer	default,Telemetry,telemetry,Telemetry::LOG,Log::WRITER_ASCII	0.0
1481765063.476539	zeek	counter	zeek_log_writer_discarded_writes_total	filter_name,module,path,stream,writer	default,LoadedScripts,loaded_scripts,LoadedScripts::LOG,Log::WRITER_ASCII	0.0
1481765063.476539	zeek	counter	zeek_log_writer_discarded_writes_total	filter_name,module,path,stream,writer	default,PacketFilter,packet_filter,PacketFilter::LOG,Log::WRITER_ASCII	0.0
1481765063.476539	zeek	counter	zeek_net_received_bytes_total	(empty)	(empty)	418505.0
1481765063.476539	zeek	counter	zeek_net_received_packets_total	(empty)	(empty)	1517.0
1481765063.476539	zeek	counter	zeek_msgthread_threads_total	(empty)	(empty)	12.0
1481765063.476539	zeek	counter	zeek_msgthread_in_messages_total	(empty)	(empty)	233.0
1481765063.476539	zeek	counter	zeek_msgthread_out_messages_total	(empty)	(empty)	0.0
1481765063.476539	zeek	counter	zeek_cluster_core_outgoing_events_total	(empty)	(empty)	0.0
1481765063.476539	zeek	counter	zeek_cluster_core_incoming_events_total	(empty)	(empty)	0.0
1481765063.476539	zeek	counter	zeek_broker_incoming_events_total	(empty)	(empty)	0.0
1481765063.476539	zeek	counter	zeek_broker_outgoing_events_total	(empty)	(empty)	0.0
1481765063.476539	zeek	counter	zeek_broker_incoming_logs_total	(empty)	(empty)	0.0
1481765063.476539	zeek	counter	zeek_broker_outgoing_logs_total	(empty)	(empty)	0.0
1481765063.476539	zeek	counter	zeek_broker_incoming_ids_total	(empty)	(empty)	0.0
1481765063.476539	zeek	counter	zeek_broker_outgoing_ids_total	(empty)	(empty)	0.0
1481765063.476539	zeek	counter	zeek_timers_total	(empty)	(empty)	1661.0
1481765063.476539	zeek	counter	zeek_dnsmgr_requests_total	(empty)	(empty)	0.0
1481765063.476539	zeek	counter	zeek_dnsmgr_successful_requests_total	(empty)	(empty)	0.0
1481765063.476539	zeek	counter	zeek_dnsmgr_failed_requests_total	(empty)	(empty)	0.0
1481765063.476539	zeek	counter	zeek_triggers_total	(empty)	(empty)	0.0
1481765063.476539	zeek	counter	zeek_ended_sessions_total	reason	inactivity	1153.0
1481765063.476539	zeek	counter	zeek_event_handler_invocations_total	name	zeek_done	1.0
1481765063.476539	zeek	counter	zeek_event_handler_invocations_total	name	net_done	1.0
1481765063.476539	zeek	counter	zeek_event_handler_invocations_total	name	pe_section_header	5.0
1481765063.476539	zeek	counter	zeek_event_handler_invocations_total	name	pe_file_header	1.0
1481765063.476539	zeek	counter	zeek_event_handler_invocations_total	name	pe_dos_header	1.0
1481765063.476539	zeek	counter	zeek_event_handler_invocations_total	name	connection_state_remove	1156.0
1481765063.476539	zeek	counter	zeek_event_handler_invocations_total	name	file_state_remove	2.0
1481765063.476539	zeek	counter	zeek_event_handler_invocations_total	name	content_gap	7.0
1481765063.476539	zeek	counter	zeek_event_handler_invocations_total	name	check_stats	3.0
1481765063.476539	zeek	counter	zeek_event_handler_invocations_total	name	http_reply	3.0
1481765063.476539	zeek	counter	zeek_event_handler_invocations_total	name	http_request	3.0
1481765063.476539	zeek	counter	zeek_event_handler_invocations_total	name	Software::new	3.0
1481765063.476539	zeek	counter	zeek_event_handler_invocations_total	name	new_connection	1156.0
1481765063.476539	zeek	counter	zeek_event_handler_invocations_total	name	zeek_script_loaded	537.0
1481765063.476539	zeek	counter	zeek_event_handler_invocations_total	name	http_end_entity	6.0
1481765063.476539	zeek	counter	zeek_event_handler_invocations_total	name	Software::register	3.0
1481765063.476539	zeek	counter	zeek_event_handler_invocations_total	name	Broker::log_flush	22.0
1481765063.476539	zeek	counter	zeek_event_handler_invocations_total	name	SumStats::finish_epoch	3.0
1481765063.476539	zeek	counter	zeek_event_handler_invocations_total	name	Software::log_software	2.0
1481765063.476539	zeek	counter	zeek_event_handler_invocations_total	name	filter_change_tracking	4.0
1481765063.476539	zeek	counter	zeek_event_handler_invocations_total	name	grab_vulnerable_versions	3.0
1481765063.476539	zeek	counter	zeek_event_handler_invocations_total	name	NetControl::init	1.0
1481765063.476539	zeek	counter	zeek_event_handler_invocations_total	name	pe_optional_header	1.0
1481765063.476539	zeek	counter	zeek_event_handler_invocations_total	name	analyzer_confirmation_info	3.0
1481765063.476539	zeek	counter	zeek_event_handler_invocations_total	name	connection_established	3.0
1481765063.476539	zeek	counter	zeek_event_handler_invocations_total	name	Telemetry::log	5.0
1481765063.476539	zeek	counter	zeek_event_handler_invocations_total	name	ChecksumOffloading::check	2.0
1481765063.476539	zeek	counter	zeek_event_handler_invocations_total	name	zeek_init	1.0
1481765063.476539	zeek	counter	zeek_event_handler_invocations_total	name	get_file_handle	11.0
1481765063.476539	zeek	counter	zeek_event_handler_invocations_total	name	Known::host_found	3.0
1481765063.476539	zeek	counter	zeek_event_handler_invocations_total	name	CaptureLoss::take_measurement	3.0
1481765063.476539	zeek	counter	zeek_event_handler_invocations_total	name	http_begin_entity	6.0
1481765063.476539	zeek	counter	zeek_event_handler_invocations_total	name	file_sniff	2.0
1481765063.476539	zeek	counter	zeek_event_handler_invocations_total	name	known_host_add	1.0
1481765063.476539	zeek	counter	zeek_event_handler_invocations_total	name	http_header	40.0
1481765063.476539	zeek	counter	zeek_event_handler_invocations_total	name	http_message_done	6.0
1481765063.476539	zeek	counter	zeek_event_handler_invocations_total	name	file_new	2.0
1481765063.476539	zeek	counter	zeek_event_handler_invocations_total	name	file_over_new_connection	2.0
1481765063.476539	zeek	counter	zeek_total_sessions_total	protocol	icmp	0.0
1481765063.476539	zeek	counter	zeek_total_sessions_total	protocol	udp	1152.0
1481765063.476539	zeek	counter	zeek_total_sessions_total	protocol	tcp	4.0
1481765063.476539	zeek	gauge	zeek_version_info	beta,commit,debug,major,minor,patch,version_number,version_string	false,0,false,8,0,1,80001,8.0.1	1.0
1481765063.476539	zeek	gauge	zeek_net_timestamp_seconds	(empty)	(empty)	1481765063.476539
1481765063.476539	zeek	gauge	zeek_msgthread_active_threads	(empty)	(empty)	12.0
1481765063.476539	zeek	gauge	zeek_msgthread_pending_in_messages	(empty)	(empty)	4.0
1481765063.476539	zeek	gauge	zeek_msgthread_pending_out_messages	(empty)	(empty)	0.0
1481765063.476539	zeek	gauge	zeek_msgthread_pending_messages_in_buckets	le	10000	2.0
1481765063.476539	zeek	gauge	zeek_msgthread_pending_messages_in_buckets	le	inf	2.0
1481765063.476539	zeek	gauge	zeek_msgthread_pending_messages_in_buckets	le	1000	2.0
1481765063.476539	zeek	gauge	zeek_msgthread_pending_messages_in_buckets	le	100	2.0
1481765063.476539	zeek	gauge	zeek_msgthread_pending_messages_in_buckets	le	10	2.0
1481765063.476539	zeek	gauge	zeek_msgthread_pending_messages_in_buckets	le	1	0.0
1481765063.476539	zeek	gauge	zeek_msgthread_pending_messages_out_buckets	le	10000	2.0
1481765063.476539	zeek	gauge	zeek_msgthread_pending_messages_out_buckets	le	inf	2.0
1481765063.476539	zeek	gauge	zeek_msgthread_pending_messages_out_buckets	le	1000	2.0
1481765063.476539	zeek	gauge	zeek_msgthread_pending_messages_out_buckets	le	100	2.0
1481765063.476539	zeek	gauge	zeek_msgthread_pending_messages_out_buckets	le	10	2.0
1481765063.476539	zeek	gauge	zeek_msgthread_pending_messages_out_buckets	le	1	2.0
1481765063.476539	zeek	gauge	zeek_broker_peers	(empty)	(empty)	0.0
1481765063.476539	zeek	gauge	zeek_broker_stores	(empty)	(empty)	1.0
1481765063.476539	zeek	gauge	zeek_broker_pending_queries	(empty)	(empty)	0.0
1481765063.476539	zeek	gauge	zeek_timers_lag_time_seconds	(empty)	(empty)	1481765063.476539
1481765063.476539	zeek	gauge	zeek_timers_pending	type	LogDelayExpire	0.0
1481765063.476539	zeek	gauge	zeek_timers_pending	type	ThreadHeartbeat	0.0
1481765063.476539	zeek	gauge	zeek_timers_pending	type	TimerMgrExpireTimer	0.0
1481765063.476539	zeek	gauge	zeek_timers_pending	type	ParentProcessIDCheck	0.0
1481765063.476539	zeek	gauge	zeek_timers_pending	type	FragTimer	0.0
1481765063.476539	zeek	gauge	zeek_timers_pending	type	RotateTimer	0.0
1481765063.476539	zeek	gauge	zeek_timers_pending	type	FlowWeirdTimer	0.0
1481765063.476539	zeek	gauge	zeek_timers_pending	type	FileAnalysisInactivityTimer	0.0
1481765063.476539	zeek	gauge	zeek_timers_pending	type	StorageExpire	0.0
1481765063.476539	zeek	gauge	zeek_timers_pending	type	ConnectionInactivityTimer	0.0
1481765063.476539	zeek	gauge	zeek_timers_pending	type	TCPConnectionExpireTimer	0.0
1481765063.476539	zeek	gauge	zeek_timers_pending	type	ConnectionStatusUpdateTimer	0.0
1481765063.476539	zeek	gauge	zeek_timers_pending	type	LogFlushWriteBufferTimer	0.0
1481765063.476539	zeek	gauge	zeek_timers_pending	type	NetWeirdTimer	0.0
1481765063.476539	zeek	gauge	zeek_timers_pending	type	InterconnTimer	0.0
1481765063.476539	zeek	gauge	zeek_timers_pending	type	IPTunnelInactivityTimer	0.0
1481765063.476539	zeek	gauge	zeek_timers_pending	type	DNSExpireTimer	0.0
1481765063.476539	zeek	gauge	zeek_timers_pending	type	UnknownProtocolExpire	0.0
1481765063.476539	zeek	gauge	zeek_timers_pending	type	ProfileTimer	0.0
1481765063.476539	zeek	gauge	zeek_timers_pending	type	ConnectionExpireTimer	0.0
1481765063.476539	zeek	gauge	zeek_timers_pending	type	BreakpointTimer	0.0
1481765063.476539	zeek	gauge	zeek_timers_pending	type	BackdoorTimer	0.0
1481765063.476539	zeek	gauge	zeek_timers_pending	type	NetbiosExpireTimer	0.0
1481765063.476539	zeek	gauge	zeek_timers_pending	type	NetworkTimer	0.0
1481765063.476539	zeek	gauge	zeek_timers_pending	type	RemoveConnection	0.0
1481765063.476539	zeek	gauge	zeek_timers_pending	type	TCPConnectionResetTimer	0.0
1481765063.476539	zeek	gauge	zeek_timers_pending	type	ConnTupleWeirdTimer	0.0
1481765063.476539	zeek	gauge	zeek_timers_pending	type	TCPConnectionDeleteTimer	0.0
1481765063.476539	zeek	gauge	zeek_timers_pending	type	ScheduleTimer	0.0
1481765063.476539	zeek	gauge	zeek_timers_pending	type	NTPExpireTimer	0.0
1481765063.476539	zeek	gauge	zeek_timers_pending	type	RPCExpireTimer	0.0
1481765063.476539	zeek	gauge	zeek_timers_pending	type	ConnectionDeleteTimer	0.0
1481765063.476539	zeek	gauge	zeek_timers_pending	type	TriggerTimer	0.0
1481765063.476539	zeek	gauge	zeek_timers_pending	type	TableValTimer	0.0
1481765063.476539	zeek	gauge	zeek_timers_pending	type	TCPConnectionAttemptTimer	0.0
1481765063.476539	zeek	gauge	zeek_timers_pending	type	TCPConnectionPartialClose	0.0
1481765063.476539	zeek	gauge	zeek_dnsmgr_pending_asyncs_requests	(empty)	(empty)	0.0
1481765063.476539	zeek	gauge	zeek_dnsmgr_cache_entries	type	text	0.0
1481765063.476539	zeek	gauge	zeek_dnsmgr_cache_entries	type	address	0.0
1481765063.476539	zeek	gauge	zeek_dnsmgr_cache_entries	type	host	0.0
1481765063.476539	zeek	gauge	zeek_pending_triggers	(empty)	(empty)	0.0
1481765063.476539	zeek	gauge	zeek_active_sessions	protocol	icmp	0.0
1481765063.476539	zeek	gauge	zeek_active_sessions	protocol	udp	0.0
1481765063.476539	zeek	gauge	zeek_active_sessions	protocol	tcp	1.0
#close	2025-09-28-04-37-46
